<?xml version="1.0" encoding="UTF-8"?>
<testsuite name="com.sch.tests.EventCreationTests" tests="1" skipped="0" failures="0" errors="0" timestamp="2020-11-03T18:41:59" hostname="LAPTOP-I6GGBKHC" time="75.802">
  <properties/>
  <testcase name="testEventCreationChangeDate" classname="com.sch.tests.EventCreationTests" time="75.802"/>
  <system-out><![CDATA[]]></system-out>
  <system-err><![CDATA[]]></system-err>
</testsuite>
